{"uuid":"7c093bdd-937d-4976-adc4-94ddabc34f8a","historyId":"a5a420f60c0b56f3368453f02b2986ee","fullName":"src/test/resources/features/Array.feature:273","labels":[{"name":"tag","value":"Array"},{"name":"tag","value":"Array29"},{"name":"host","value":"Jibys-MacBook-Air.local"},{"name":"thread","value":"55849@Jibys-MacBook-Air.local.main(1)"},{"name":"feature","value":"User is on Array Page"},{"name":"story","value":"The user is presented with error message for invalid code in tryEditor for Find Numbers with Even Number of Digits"},{"name":"suite","value":"User is on Array Page"},{"name":"testClass","value":"The user is presented with error message for invalid code in tryEditor for Find Numbers with Even Number of Digits"},{"name":"framework","value":"cucumber4jvm"},{"name":"language","value":"java"},{"name":"gherkin_uri","value":"file:///Users/jibyraju/eclipse-workspace/Project_101/src/test/resources/features/Array.feature"},{"name":"package","value":"src.test.resources.features.Array_feature.User is on Array Page"}],"links":[],"name":"The user is presented with error message for invalid code in tryEditor for Find Numbers with Even Number of Digits","status":"failed","statusDetails":{"known":false,"muted":false,"flaky":false,"message":"Result do not match expected [NameError: name 'hello' is not defined on line 1] but found [SyntaxError: bad input on line 1]","trace":"java.lang.AssertionError: Result do not match expected [NameError: name 'hello' is not defined on line 1] but found [SyntaxError: bad input on line 1]\n\tat org.testng.Assert.fail(Assert.java:111)\n\tat org.testng.Assert.failNotEquals(Assert.java:1578)\n\tat org.testng.Assert.assertEqualsImpl(Assert.java:150)\n\tat org.testng.Assert.assertEquals(Assert.java:132)\n\tat org.testng.Assert.assertEquals(Assert.java:656)\n\tat StepDefinitions.ArrayStepDefinition.the_user_should_be_presented_with_error_result(ArrayStepDefinition.java:125)\n\tat ✽.The user should be presented with error result(file:///Users/jibyraju/eclipse-workspace/Project_101/src/test/resources/features/Array.feature:269)\n"},"stage":"finished","steps":[{"name":"Given  The user is on Question page of Find Numbers with Even Number of Digits after logged in","status":"passed","statusDetails":{"known":false,"muted":false,"flaky":false},"stage":"finished","steps":[],"attachments":[],"parameters":[],"start":1697253621311,"stop":1697253621620},{"name":"When  The user enter python code with invalid syntax in tryEditor from sheet  \"pythoncode\" and 1","status":"passed","statusDetails":{"known":false,"muted":false,"flaky":false},"stage":"finished","steps":[],"attachments":[],"parameters":[],"start":1697253621620,"stop":1697253621642},{"name":"And  The user clicks run button","status":"passed","statusDetails":{"known":false,"muted":false,"flaky":false},"stage":"finished","steps":[],"attachments":[],"parameters":[],"start":1697253621642,"stop":1697253621679},{"name":"Then  The user should be presented with error result","status":"failed","statusDetails":{"known":false,"muted":false,"flaky":false,"message":"Result do not match expected [NameError: name 'hello' is not defined on line 1] but found [SyntaxError: bad input on line 1]","trace":"java.lang.AssertionError: Result do not match expected [NameError: name 'hello' is not defined on line 1] but found [SyntaxError: bad input on line 1]\n\tat org.testng.Assert.fail(Assert.java:111)\n\tat org.testng.Assert.failNotEquals(Assert.java:1578)\n\tat org.testng.Assert.assertEqualsImpl(Assert.java:150)\n\tat org.testng.Assert.assertEquals(Assert.java:132)\n\tat org.testng.Assert.assertEquals(Assert.java:656)\n\tat StepDefinitions.ArrayStepDefinition.the_user_should_be_presented_with_error_result(ArrayStepDefinition.java:125)\n\tat ✽.The user should be presented with error result(file:///Users/jibyraju/eclipse-workspace/Project_101/src/test/resources/features/Array.feature:269)\n"},"stage":"finished","steps":[],"attachments":[],"parameters":[],"start":1697253621679,"stop":1697253623711}],"attachments":[],"parameters":[{"name":"Sheetname","value":"pythoncode"},{"name":"RowNumber","value":"1"}],"start":1697253621310,"stop":1697253623712}