{"uuid":"93c6402d-3311-4b01-b818-c41622be556a","historyId":"aeef9b7dd7395a9995ba9e4be1e4bf70","fullName":"src/test/resources/features/Array.feature:150","labels":[{"name":"tag","value":"Array"},{"name":"tag","value":"Array16"},{"name":"host","value":"Jibys-MacBook-Air.local"},{"name":"thread","value":"55849@Jibys-MacBook-Air.local.main(1)"},{"name":"feature","value":"User is on Array Page"},{"name":"story","value":"The user is presented with error message for code with invalid syntax in tryEditor for Applications of Array page"},{"name":"suite","value":"User is on Array Page"},{"name":"testClass","value":"The user is presented with error message for code with invalid syntax in tryEditor for Applications of Array page"},{"name":"framework","value":"cucumber4jvm"},{"name":"language","value":"java"},{"name":"gherkin_uri","value":"file:///Users/jibyraju/eclipse-workspace/Project_101/src/test/resources/features/Array.feature"},{"name":"package","value":"src.test.resources.features.Array_feature.User is on Array Page"}],"links":[],"name":"The user is presented with error message for code with invalid syntax in tryEditor for Applications of Array page","status":"broken","statusDetails":{"known":false,"muted":false,"flaky":false,"message":"Build info: version: '4.12.1', revision: '8e34639b11'\nSystem info: os.name: 'Mac OS X', os.arch: 'aarch64', os.version: '13.5.2', java.version: '20.0.2'\nDriver info: org.openqa.selenium.firefox.FirefoxDriver\nCommand: [e6785f4a-bc78-4946-9057-66c0bf4ef48c, getAlertText {}]\nCapabilities {acceptInsecureCerts: true, browserName: firefox, browserVersion: 118.0.1, moz:accessibilityChecks: false, moz:buildID: 20230927232528, moz:debuggerAddress: 127.0.0.1:9849, moz:geckodriverVersion: 0.33.0, moz:headless: false, moz:platformVersion: 22.6.0, moz:processID: 55855, moz:profile: /var/folders/x3/28px5q393bv..., moz:shutdownTimeout: 60000, moz:webdriverClick: true, moz:windowless: false, pageLoadStrategy: normal, platformName: mac, proxy: Proxy(), se:cdp: ws://127.0.0.1:9849/devtool..., se:cdpVersion: 85.0, setWindowRect: true, strictFileInteractability: false, timeouts: {implicit: 0, pageLoad: 300000, script: 30000}, unhandledPromptBehavior: dismiss and notify}\nSession ID: e6785f4a-bc78-4946-9057-66c0bf4ef48c","trace":"org.openqa.selenium.NoAlertPresentException: Build info: version: '4.12.1', revision: '8e34639b11'\nSystem info: os.name: 'Mac OS X', os.arch: 'aarch64', os.version: '13.5.2', java.version: '20.0.2'\nDriver info: org.openqa.selenium.firefox.FirefoxDriver\nCommand: [e6785f4a-bc78-4946-9057-66c0bf4ef48c, getAlertText {}]\nCapabilities {acceptInsecureCerts: true, browserName: firefox, browserVersion: 118.0.1, moz:accessibilityChecks: false, moz:buildID: 20230927232528, moz:debuggerAddress: 127.0.0.1:9849, moz:geckodriverVersion: 0.33.0, moz:headless: false, moz:platformVersion: 22.6.0, moz:processID: 55855, moz:profile: /var/folders/x3/28px5q393bv..., moz:shutdownTimeout: 60000, moz:webdriverClick: true, moz:windowless: false, pageLoadStrategy: normal, platformName: mac, proxy: Proxy(), se:cdp: ws://127.0.0.1:9849/devtool..., se:cdpVersion: 85.0, setWindowRect: true, strictFileInteractability: false, timeouts: {implicit: 0, pageLoad: 300000, script: 30000}, unhandledPromptBehavior: dismiss and notify}\nSession ID: e6785f4a-bc78-4946-9057-66c0bf4ef48c\n\tat java.base/jdk.internal.reflect.DirectConstructorHandleAccessor.newInstance(DirectConstructorHandleAccessor.java:67)\n\tat java.base/java.lang.reflect.Constructor.newInstanceWithCaller(Constructor.java:500)\n\tat java.base/java.lang.reflect.Constructor.newInstance(Constructor.java:484)\n\tat org.openqa.selenium.remote.codec.w3c.W3CHttpResponseCodec.createException(W3CHttpResponseCodec.java:200)\n\tat org.openqa.selenium.remote.codec.w3c.W3CHttpResponseCodec.decode(W3CHttpResponseCodec.java:133)\n\tat org.openqa.selenium.remote.codec.w3c.W3CHttpResponseCodec.decode(W3CHttpResponseCodec.java:52)\n\tat org.openqa.selenium.remote.HttpCommandExecutor.execute(HttpCommandExecutor.java:191)\n\tat org.openqa.selenium.remote.service.DriverCommandExecutor.invokeExecute(DriverCommandExecutor.java:196)\n\tat org.openqa.selenium.remote.service.DriverCommandExecutor.execute(DriverCommandExecutor.java:171)\n\tat org.openqa.selenium.remote.RemoteWebDriver.execute(RemoteWebDriver.java:602)\n\tat org.openqa.selenium.remote.RemoteWebDriver.execute(RemoteWebDriver.java:675)\n\tat org.openqa.selenium.remote.RemoteWebDriver.execute(RemoteWebDriver.java:679)\n\tat org.openqa.selenium.remote.RemoteWebDriver$RemoteTargetLocator.alert(RemoteWebDriver.java:1191)\n\tat PageObjects.ArrayPage.getErrorText(ArrayPage.java:122)\n\tat StepDefinitions.ArrayStepDefinition.the_user_should_be_presented_with_error_result(ArrayStepDefinition.java:122)\n\tat ✽.The user should be presented with error result(file:///Users/jibyraju/eclipse-workspace/Project_101/src/test/resources/features/Array.feature:146)\n"},"stage":"finished","steps":[{"name":"Given  The user is in a page having an tryEditor with a Run button to test","status":"passed","statusDetails":{"known":false,"muted":false,"flaky":false},"stage":"finished","steps":[],"attachments":[],"parameters":[],"start":1697253608006,"stop":1697253608251},{"name":"When  The user enter python code with invalid syntax in tryEditor from sheet  \"pythoncode\" and 1","status":"passed","statusDetails":{"known":false,"muted":false,"flaky":false},"stage":"finished","steps":[],"attachments":[],"parameters":[],"start":1697253608252,"stop":1697253608271},{"name":"And  The user clicks run button","status":"passed","statusDetails":{"known":false,"muted":false,"flaky":false},"stage":"finished","steps":[],"attachments":[],"parameters":[],"start":1697253608271,"stop":1697253608490},{"name":"Then  The user should be presented with error result","status":"broken","statusDetails":{"known":false,"muted":false,"flaky":false,"message":"Build info: version: '4.12.1', revision: '8e34639b11'\nSystem info: os.name: 'Mac OS X', os.arch: 'aarch64', os.version: '13.5.2', java.version: '20.0.2'\nDriver info: org.openqa.selenium.firefox.FirefoxDriver\nCommand: [e6785f4a-bc78-4946-9057-66c0bf4ef48c, getAlertText {}]\nCapabilities {acceptInsecureCerts: true, browserName: firefox, browserVersion: 118.0.1, moz:accessibilityChecks: false, moz:buildID: 20230927232528, moz:debuggerAddress: 127.0.0.1:9849, moz:geckodriverVersion: 0.33.0, moz:headless: false, moz:platformVersion: 22.6.0, moz:processID: 55855, moz:profile: /var/folders/x3/28px5q393bv..., moz:shutdownTimeout: 60000, moz:webdriverClick: true, moz:windowless: false, pageLoadStrategy: normal, platformName: mac, proxy: Proxy(), se:cdp: ws://127.0.0.1:9849/devtool..., se:cdpVersion: 85.0, setWindowRect: true, strictFileInteractability: false, timeouts: {implicit: 0, pageLoad: 300000, script: 30000}, unhandledPromptBehavior: dismiss and notify}\nSession ID: e6785f4a-bc78-4946-9057-66c0bf4ef48c","trace":"org.openqa.selenium.NoAlertPresentException: Build info: version: '4.12.1', revision: '8e34639b11'\nSystem info: os.name: 'Mac OS X', os.arch: 'aarch64', os.version: '13.5.2', java.version: '20.0.2'\nDriver info: org.openqa.selenium.firefox.FirefoxDriver\nCommand: [e6785f4a-bc78-4946-9057-66c0bf4ef48c, getAlertText {}]\nCapabilities {acceptInsecureCerts: true, browserName: firefox, browserVersion: 118.0.1, moz:accessibilityChecks: false, moz:buildID: 20230927232528, moz:debuggerAddress: 127.0.0.1:9849, moz:geckodriverVersion: 0.33.0, moz:headless: false, moz:platformVersion: 22.6.0, moz:processID: 55855, moz:profile: /var/folders/x3/28px5q393bv..., moz:shutdownTimeout: 60000, moz:webdriverClick: true, moz:windowless: false, pageLoadStrategy: normal, platformName: mac, proxy: Proxy(), se:cdp: ws://127.0.0.1:9849/devtool..., se:cdpVersion: 85.0, setWindowRect: true, strictFileInteractability: false, timeouts: {implicit: 0, pageLoad: 300000, script: 30000}, unhandledPromptBehavior: dismiss and notify}\nSession ID: e6785f4a-bc78-4946-9057-66c0bf4ef48c\n\tat java.base/jdk.internal.reflect.DirectConstructorHandleAccessor.newInstance(DirectConstructorHandleAccessor.java:67)\n\tat java.base/java.lang.reflect.Constructor.newInstanceWithCaller(Constructor.java:500)\n\tat java.base/java.lang.reflect.Constructor.newInstance(Constructor.java:484)\n\tat org.openqa.selenium.remote.codec.w3c.W3CHttpResponseCodec.createException(W3CHttpResponseCodec.java:200)\n\tat org.openqa.selenium.remote.codec.w3c.W3CHttpResponseCodec.decode(W3CHttpResponseCodec.java:133)\n\tat org.openqa.selenium.remote.codec.w3c.W3CHttpResponseCodec.decode(W3CHttpResponseCodec.java:52)\n\tat org.openqa.selenium.remote.HttpCommandExecutor.execute(HttpCommandExecutor.java:191)\n\tat org.openqa.selenium.remote.service.DriverCommandExecutor.invokeExecute(DriverCommandExecutor.java:196)\n\tat org.openqa.selenium.remote.service.DriverCommandExecutor.execute(DriverCommandExecutor.java:171)\n\tat org.openqa.selenium.remote.RemoteWebDriver.execute(RemoteWebDriver.java:602)\n\tat org.openqa.selenium.remote.RemoteWebDriver.execute(RemoteWebDriver.java:675)\n\tat org.openqa.selenium.remote.RemoteWebDriver.execute(RemoteWebDriver.java:679)\n\tat org.openqa.selenium.remote.RemoteWebDriver$RemoteTargetLocator.alert(RemoteWebDriver.java:1191)\n\tat PageObjects.ArrayPage.getErrorText(ArrayPage.java:122)\n\tat StepDefinitions.ArrayStepDefinition.the_user_should_be_presented_with_error_result(ArrayStepDefinition.java:122)\n\tat ✽.The user should be presented with error result(file:///Users/jibyraju/eclipse-workspace/Project_101/src/test/resources/features/Array.feature:146)\n"},"stage":"finished","steps":[],"attachments":[],"parameters":[],"start":1697253608490,"stop":1697253608495}],"attachments":[],"parameters":[{"name":"Sheetname","value":"pythoncode"},{"name":"RowNumber","value":"1"}],"start":1697253608005,"stop":1697253608497}